<?xml version="1.0" encoding="UTF-8"?>
<testng-results skipped="0" failed="0" ignored="0" total="4" passed="4">
  <reporter-output>
  </reporter-output>
  <suite name="Surefire suite" duration-ms="488" started-at="2020-12-04T07:12:07Z" finished-at="2020-12-04T07:12:08Z">
    <groups>
      <group name="cucumber">
        <method signature="AbstractTestNGCucumberTests.runScenario(cucumber.api.testng.PickleEventWrapper, cucumber.api.testng.CucumberFeatureWrapper)[pri:0, instance:com.gk.test.RunSingleSuite@482f8f11]" name="runScenario" class="cucumber.api.testng.AbstractTestNGCucumberTests"/>
      </group> <!-- cucumber -->
    </groups>
    <test name="Surefire test" duration-ms="488" started-at="2020-12-04T07:12:07Z" finished-at="2020-12-04T07:12:08Z">
      <class name="com.gk.test.RunSingleSuite">
        <test-method status="PASS" signature="setUpClass()[pri:0, instance:com.gk.test.RunSingleSuite@482f8f11]" name="setUpClass" is-config="true" duration-ms="91" started-at="2020-12-04T07:12:07Z" finished-at="2020-12-04T07:12:07Z">
          <reporter-output>
          </reporter-output>
        </test-method> <!-- setUpClass -->
        <test-method status="PASS" signature="runScenario(cucumber.api.testng.PickleEventWrapper, cucumber.api.testng.CucumberFeatureWrapper)[pri:0, instance:com.gk.test.RunSingleSuite@482f8f11]" name="runScenario" duration-ms="286" started-at="2020-12-04T07:12:07Z" description="Runs Cucumber Scenarios" data-provider="scenarios" finished-at="2020-12-04T07:12:08Z">
          <params>
            <param index="0">
              <value>
                <![CDATA["Positive Test to find longest and shortest word from the sentence"]]>
              </value>
            </param>
            <param index="1">
              <value>
                <![CDATA["Find longest and shortest word from sentence"]]>
              </value>
            </param>
          </params>
          <reporter-output>
          </reporter-output>
        </test-method> <!-- runScenario -->
        <test-method status="PASS" signature="runScenario(cucumber.api.testng.PickleEventWrapper, cucumber.api.testng.CucumberFeatureWrapper)[pri:0, instance:com.gk.test.RunSingleSuite@482f8f11]" name="runScenario" duration-ms="3" started-at="2020-12-04T07:12:08Z" description="Runs Cucumber Scenarios" data-provider="scenarios" finished-at="2020-12-04T07:12:08Z">
          <params>
            <param index="0">
              <value>
                <![CDATA["Positive Test to find longest and shortest word from the sentence"]]>
              </value>
            </param>
            <param index="1">
              <value>
                <![CDATA["Find longest and shortest word from sentence"]]>
              </value>
            </param>
          </params>
          <reporter-output>
          </reporter-output>
        </test-method> <!-- runScenario -->
        <test-method status="PASS" signature="runScenario(cucumber.api.testng.PickleEventWrapper, cucumber.api.testng.CucumberFeatureWrapper)[pri:0, instance:com.gk.test.RunSingleSuite@482f8f11]" name="runScenario" duration-ms="2" started-at="2020-12-04T07:12:08Z" description="Runs Cucumber Scenarios" data-provider="scenarios" finished-at="2020-12-04T07:12:08Z">
          <params>
            <param index="0">
              <value>
                <![CDATA["Positive Test to find longest and shortest word from the sentence"]]>
              </value>
            </param>
            <param index="1">
              <value>
                <![CDATA["Find longest and shortest word from sentence"]]>
              </value>
            </param>
          </params>
          <reporter-output>
          </reporter-output>
        </test-method> <!-- runScenario -->
        <test-method status="PASS" signature="runScenario(cucumber.api.testng.PickleEventWrapper, cucumber.api.testng.CucumberFeatureWrapper)[pri:0, instance:com.gk.test.RunSingleSuite@482f8f11]" name="runScenario" duration-ms="2" started-at="2020-12-04T07:12:08Z" description="Runs Cucumber Scenarios" data-provider="scenarios" finished-at="2020-12-04T07:12:08Z">
          <params>
            <param index="0">
              <value>
                <![CDATA["Negative Test to check when sentence is blank"]]>
              </value>
            </param>
            <param index="1">
              <value>
                <![CDATA["Find longest and shortest word from sentence"]]>
              </value>
            </param>
          </params>
          <reporter-output>
          </reporter-output>
        </test-method> <!-- runScenario -->
        <test-method status="PASS" signature="tearDownClass()[pri:0, instance:com.gk.test.RunSingleSuite@482f8f11]" name="tearDownClass" is-config="true" duration-ms="32" started-at="2020-12-04T07:12:08Z" finished-at="2020-12-04T07:12:08Z">
          <reporter-output>
          </reporter-output>
        </test-method> <!-- tearDownClass -->
      </class> <!-- com.gk.test.RunSingleSuite -->
    </test> <!-- Surefire test -->
  </suite> <!-- Surefire suite -->
</testng-results>
